<?xml version="1.0" encoding="UTF-8"?>
<!-- Generated by org.testng.reporters.JUnitXMLReporter -->
<testsuite ignored="0" hostname="PARTHA-PC" failures="1" tests="11" name="Rest API regression Test" time="12.458" errors="0" timestamp="2022-05-29T20:01:09 IST">
  <testcase classname="com.qa.api.gorest.tests.UpdateUserTest" name="updateUserAPIPUTTest" time="2.976"/>
  <testcase classname="com.qa.api.gorest.tests.CreateUserTest" name="createUserAPIPOSTTest" time="0.641"/>
  <testcase classname="com.qa.api.gorest.tests.GetUserTest" name="getAllUserListAPITest" time="0.169">
    <failure type="java.lang.AssertionError" message="expected [300] but found [200]">
      <![CDATA[java.lang.AssertionError: expected [300] but found [200]
at com.qa.api.gorest.tests.GetUserTest.getAllUserListAPITest(GetUserTest.java:27)
at java.base/java.util.concurrent.ThreadPoolExecutor.runWorker(ThreadPoolExecutor.java:1130)
at java.base/java.util.concurrent.ThreadPoolExecutor$Worker.run(ThreadPoolExecutor.java:630)
at java.base/java.lang.Thread.run(Thread.java:831)
... Removed 18 stack frames]]>
    </failure>
  </testcase> <!-- getAllUserListAPITest -->
  <testcase classname="com.qa.api.gorest.tests.CreateUserTest" name="createUserAPIPOSTTest" time="0.258"/>
  <testcase classname="com.qa.api.gorest.tests.GetUserTest" name="getUserListWithQueryParamAPITest" time="0.183"/>
  <testcase classname="com.qa.api.gorest.tests.CreateUserTest" name="createUserAPIPOSTTest" time="0.192"/>
  <testcase classname="com.qa.api.gorest.tests.CreateUserTest" name="createUserAPIPOSTTest" time="0.149"/>
  <testcase classname="com.qa.api.gorest.tests.CreateUserTest" name="createUserAPIPOSTTest" time="0.125"/>
  <testcase classname="com.qa.api.gorest.tests.GetImgurAPITest" name="getAccountBlockStatusTest" time="1.023"/>
  <testcase classname="com.qa.api.gorest.tests.GetImgurAPITest" name="getAccountImagesTest" time="1.397"/>
  <testcase classname="com.qa.api.gorest.tests.GetImgurAPITest" name="uploadImagePostAPITest" time="3.537"/>
</testsuite> <!-- Rest API regression Test -->
